make --dry-run --always-make --keep-going --print-directory
make: Entering directory '/home/stud/git/SemesterProjekt3/inc/OSApiStudent'
Generating dependency for linux/Utility.cpp
Generating dependency for linux/Semaphore.cpp
Generating dependency for linux/ThreadFunctor.cpp
 
Generating dependency for linux/Thread.cpp
Generating dependency for linux/Conditional.cpp
 
Generating dependency for linux/Mutex.cpp
 
Generating dependency for linux/ClockTime.cpp
 
Generating dependency for common/Completion.cpp
 
Generating dependency for common/Log.cpp
 
Generating dependency for common/LogTypes.cpp
 
Generating dependency for common/LogOutputStdOut.cpp
 
Generating dependency for common/LogSystem.cpp
 
Generating dependency for common/Timer.cpp
 
Generating dependency for common/Time.cpp
 
echo "Compiling for 'target' in 'release' mode..."
mkdir -p build/lib/target/release
mkdir -p lib/target/release
echo "Compiling "common/Time.cpp
arm-rpizw-g++ -c common/Time.cpp -o build/lib/target/release/Time.o -O2 -Wall -Iinc  -DOS_LINUX
echo "Compiling "common/Timer.cpp
arm-rpizw-g++ -c common/Timer.cpp -o build/lib/target/release/Timer.o -O2 -Wall -Iinc  -DOS_LINUX
echo "Compiling "common/LogSystem.cpp
arm-rpizw-g++ -c common/LogSystem.cpp -o build/lib/target/release/LogSystem.o -O2 -Wall -Iinc  -DOS_LINUX
echo "Compiling "common/LogOutputStdOut.cpp
arm-rpizw-g++ -c common/LogOutputStdOut.cpp -o build/lib/target/release/LogOutputStdOut.o -O2 -Wall -Iinc  -DOS_LINUX
echo "Compiling "common/LogTypes.cpp
arm-rpizw-g++ -c common/LogTypes.cpp -o build/lib/target/release/LogTypes.o -O2 -Wall -Iinc  -DOS_LINUX
echo "Compiling "common/Log.cpp
arm-rpizw-g++ -c common/Log.cpp -o build/lib/target/release/Log.o -O2 -Wall -Iinc  -DOS_LINUX
echo "Compiling "common/Completion.cpp
arm-rpizw-g++ -c common/Completion.cpp -o build/lib/target/release/Completion.o -O2 -Wall -Iinc  -DOS_LINUX
echo "Compiling "linux/ClockTime.cpp
arm-rpizw-g++ -c linux/ClockTime.cpp -o build/lib/target/release/ClockTime.o -O2 -Wall -Iinc  -DOS_LINUX
echo "Compiling "linux/Mutex.cpp
arm-rpizw-g++ -c linux/Mutex.cpp -o build/lib/target/release/Mutex.o -O2 -Wall -Iinc  -DOS_LINUX
echo "Compiling "linux/Conditional.cpp
arm-rpizw-g++ -c linux/Conditional.cpp -o build/lib/target/release/Conditional.o -O2 -Wall -Iinc  -DOS_LINUX
echo "Compiling "linux/Thread.cpp
arm-rpizw-g++ -c linux/Thread.cpp -o build/lib/target/release/Thread.o -O2 -Wall -Iinc  -DOS_LINUX
echo "Compiling "linux/ThreadFunctor.cpp
arm-rpizw-g++ -c linux/ThreadFunctor.cpp -o build/lib/target/release/ThreadFunctor.o -O2 -Wall -Iinc  -DOS_LINUX
echo "Compiling "linux/Semaphore.cpp
arm-rpizw-g++ -c linux/Semaphore.cpp -o build/lib/target/release/Semaphore.o -O2 -Wall -Iinc  -DOS_LINUX
echo "Compiling "linux/Utility.cpp
arm-rpizw-g++ -c linux/Utility.cpp -o build/lib/target/release/Utility.o -O2 -Wall -Iinc  -DOS_LINUX
echo "Linking "build/lib/target/release
arm-poky-linux-gnueabi-ar cr lib/target/release/libOSApi.a build/lib/target/release/Time.o build/lib/target/release/Timer.o build/lib/target/release/LogSystem.o build/lib/target/release/LogOutputStdOut.o build/lib/target/release/LogTypes.o build/lib/target/release/Log.o build/lib/target/release/Completion.o build/lib/target/release/ClockTime.o build/lib/target/release/Mutex.o build/lib/target/release/Conditional.o build/lib/target/release/Thread.o build/lib/target/release/ThreadFunctor.o build/lib/target/release/Semaphore.o build/lib/target/release/Utility.o
make: Leaving directory '/home/stud/git/SemesterProjekt3/inc/OSApiStudent'
 
